This is pdfTeX, Version 3.14159265-2.6-1.40.16 (TeX Live 2015) (preloaded format=pdflatex 2015.6.16)  29 JAN 2018 18:52
entering extended mode
 restricted \write18 enabled.
 file:line:error style messages enabled.
 %&-line parsing enabled.
**Setup.tex
(./Setup.tex
LaTeX2e <2015/01/01>
Babel <3.9l> and hyphenation patterns for 79 languages loaded.

./Setup.tex:1: LaTeX Error: Missing \begin{document}.

See the LaTeX manual or LaTeX Companion for explanation.
Type  H <return>  for immediate help.
 ...                                              
                                                  
l.1 I
     n this section we provide details of the three datasets that we evaluat...

? 
./Setup.tex:1: Emergency stop.
 ...                                              
                                                  
l.1 I
     n this section we provide details of the three datasets that we evaluat...

You're in trouble here.  Try typing  <return>  to proceed.
If that doesn't work, type  X <return>  to quit.

 
Here is how much of TeX's memory you used:
 6 strings out of 493089
 252 string characters out of 6134842
 53199 words of memory out of 5000000
 3590 multiletter control sequences out of 15000+600000
 3640 words of font info for 14 fonts, out of 8000000 for 9000
 1141 hyphenation exceptions out of 8191
 5i,0n,4p,133b,14s stack positions out of 5000i,500n,10000p,200000b,80000s
./Setup.tex:1:  ==> Fatal error occurred, no output PDF file produced!
